<?xml version="1.0" encoding="UTF-8"?>
<!-- Generated by org.testng.reporters.JUnitReportReporter -->
<testsuite hostname="LAPTOP-Q93TU05O" failures="0" tests="3" name="testNG_Basics.Basics" time="0.007" errors="0" timestamp="2025-05-13T22:08:57 IST" skipped="0">
  <testcase classname="testNG_Basics.Basics" name="openApp" time="0.002"/>
  <testcase classname="testNG_Basics.Basics" name="login" time="0.003"/>
  <testcase classname="testNG_Basics.Basics" name="logout" time="0.002"/>
</testsuite> <!-- testNG_Basics.Basics -->
