<?xml version="1.0" encoding="UTF-8"?>
<!-- Generated by org.testng.reporters.JUnitReportReporter -->
<testsuite hostname="LAPTOP-Q93TU05O" failures="0" tests="2" name="testNGAnnotations.Test3" time="0.004" errors="0" timestamp="2025-05-14T21:39:32 IST" skipped="0">
  <testcase classname="testNGAnnotations.Test3" name="f" time="0.002"/>
  <testcase classname="testNGAnnotations.Test3" name="f" time="0.002"/>
</testsuite> <!-- testNGAnnotations.Test3 -->
