<?xml version="1.0" encoding="UTF-8"?>
<!-- Generated by org.testng.reporters.JUnitReportReporter -->
<testsuite hostname="LAPTOP-Q93TU05O" failures="0" tests="1" name="testNGAssertions.Assertions" time="0.012" errors="0" timestamp="2025-05-14T21:44:26 IST" skipped="0">
  <testcase classname="testNGAssertions.Assertions" name="f" time="0.012"/>
</testsuite> <!-- testNGAssertions.Assertions -->
