<?xml version="1.0" encoding="UTF-8"?>
<!-- Generated by org.testng.reporters.JUnitReportReporter -->
<testsuite hostname="LAPTOP-Q93TU05O" failures="0" tests="1" name="testNGAssertions.HardAssertionMethods" time="0.011" errors="0" timestamp="2025-05-14T21:45:54 IST" skipped="0">
  <testcase classname="testNGAssertions.HardAssertionMethods" name="test1" time="0.011"/>
</testsuite> <!-- testNGAssertions.HardAssertionMethods -->
