<?xml version="1.0" encoding="UTF-8"?>
<!-- Generated by org.testng.reporters.JUnitReportReporter -->
<testsuite hostname="LAPTOP-Q93TU05O" failures="0" tests="2" name="testNGGroupingTests.PaymentMethods" time="0.012" errors="0" timestamp="2025-05-17T11:45:32 IST" skipped="0">
  <testcase classname="testNGGroupingTests.PaymentMethods" name="paymentInCash" time="0.010"/>
  <testcase classname="testNGGroupingTests.PaymentMethods" name="paymentInCard" time="0.002"/>
</testsuite> <!-- testNGGroupingTests.PaymentMethods -->
