<?xml version="1.0" encoding="UTF-8"?>
<!-- Generated by org.testng.reporters.JUnitReportReporter -->
<testsuite hostname="LAPTOP-Q93TU05O" failures="0" tests="1" name="testNG_POM_WithPagefactory.LoginTest" time="0.930" errors="0" timestamp="2025-05-21T01:01:50 IST" skipped="0">
  <testcase classname="testNG_POM_WithPagefactory.LoginTest" name="testLogin" time="0.930"/>
</testsuite> <!-- testNG_POM_WithPagefactory.LoginTest -->
