<?xml version="1.0" encoding="UTF-8"?>
<!-- Generated by org.testng.reporters.JUnitReportReporter -->
<testsuite hostname="LAPTOP-Q93TU05O" failures="0" tests="6" name="testNGAnnotations.Test2" time="0.029" errors="0" timestamp="2025-05-14T21:39:32 IST" skipped="0">
  <testcase classname="testNGAnnotations.Test2" name="f1" time="0.009"/>
  <testcase classname="testNGAnnotations.Test2" name="f2" time="0.005"/>
  <testcase classname="testNGAnnotations.Test2" name="f1" time="0.005"/>
  <testcase classname="testNGAnnotations.Test2" name="f3" time="0.005"/>
  <testcase classname="testNGAnnotations.Test2" name="f3" time="0.001"/>
  <testcase classname="testNGAnnotations.Test2" name="f2" time="0.004"/>
</testsuite> <!-- testNGAnnotations.Test2 -->
