<?xml version="1.0" encoding="UTF-8"?>
<!-- Generated by org.testng.reporters.JUnitReportReporter -->
<testsuite hostname="LAPTOP-Q93TU05O" failures="0" tests="3" name="testNGGroupingTests.LoginTests" time="0.014" errors="0" timestamp="2025-05-17T11:46:07 IST" skipped="0">
  <testcase classname="testNGGroupingTests.LoginTests" name="loginByEmail" time="0.011"/>
  <testcase classname="testNGGroupingTests.LoginTests" name="loginByFacebook" time="0.001"/>
  <testcase classname="testNGGroupingTests.LoginTests" name="loginByInstagram" time="0.002"/>
</testsuite> <!-- testNGGroupingTests.LoginTests -->
