<?xml version="1.0" encoding="UTF-8"?>
<!-- Generated by org.testng.reporters.JUnitReportReporter -->
<testsuite hostname="LAPTOP-Q93TU05O" failures="0" tests="3" name="testNGGroupingTests.SignUpTests" time="0.011" errors="0" timestamp="2025-05-17T11:46:07 IST" skipped="0">
  <testcase classname="testNGGroupingTests.SignUpTests" name="signupByEmail" time="0.003"/>
  <testcase classname="testNGGroupingTests.SignUpTests" name="signupByFacebook" time="0.003"/>
  <testcase classname="testNGGroupingTests.SignUpTests" name="signupByInstagram" time="0.005"/>
</testsuite> <!-- testNGGroupingTests.SignUpTests -->
