<?xml version="1.0" encoding="UTF-8"?>
<!-- Generated by org.testng.reporters.JUnitReportReporter -->
<testsuite hostname="LAPTOP-Q93TU05O" failures="0" tests="1" name="testNGAssertions.HardVSSoftAssertions" time="0.013" errors="0" timestamp="2025-05-14T21:48:06 IST" skipped="0">
  <testcase classname="testNGAssertions.HardVSSoftAssertions" name="testSoftAssertions" time="0.013"/>
</testsuite> <!-- testNGAssertions.HardVSSoftAssertions -->
