<?xml version="1.0" encoding="UTF-8"?>
<!-- Generated by org.testng.reporters.JUnitReportReporter -->
<testsuite hostname="LAPTOP-Q93TU05O" failures="0" tests="5" name="testNG_Basics.NewTest" time="10.935" errors="0" timestamp="2025-05-13T22:08:57 IST" skipped="0">
  <testcase classname="testNG_Basics.NewTest" name="openApp" time="4.465"/>
  <testcase classname="testNG_Basics.NewTest" name="checkLogo" time="0.748"/>
  <testcase classname="testNG_Basics.NewTest" name="login" time="0.233"/>
  <testcase classname="testNG_Basics.NewTest" name="logout" time="5.222"/>
  <testcase classname="testNG_Basics.NewTest" name="closeApp" time="0.267"/>
</testsuite> <!-- testNG_Basics.NewTest -->
